<?xml version="1.0" encoding="UTF-8"?>
<testsuite xmlns:xsi="http://www.w3.org/2001/XMLSchema-instance" xsi:noNamespaceSchemaLocation="https://maven.apache.org/surefire/maven-surefire-plugin/xsd/surefire-test-report-3.0.xsd" version="3.0" name="com.ecommerce.EcommerceTest" time="0.095" tests="5" errors="0" skipped="0" failures="0">
  <properties>
    <property name="java.specification.version" value="17"/>
    <property name="sun.cpu.isalist" value="amd64"/>
    <property name="sun.jnu.encoding" value="Cp1252"/>
    <property name="java.class.path" value="C:\Users\Roxanne Resuello\IdeaProjects\mini-projects\mini-project-3-final\target\test-classes;C:\Users\Roxanne Resuello\IdeaProjects\mini-projects\mini-project-3-final\target\classes;C:\Users\Roxanne Resuello\.m2\repository\junit\junit\4.13.2\junit-4.13.2.jar;C:\Users\Roxanne Resuello\.m2\repository\org\hamcrest\hamcrest-core\1.3\hamcrest-core-1.3.jar;C:\Users\Roxanne Resuello\.m2\repository\org\slf4j\slf4j-api\1.7.32\slf4j-api-1.7.32.jar;C:\Users\Roxanne Resuello\.m2\repository\ch\qos\logback\logback-classic\1.2.6\logback-classic-1.2.6.jar;C:\Users\Roxanne Resuello\.m2\repository\ch\qos\logback\logback-core\1.2.6\logback-core-1.2.6.jar;"/>
    <property name="java.vm.vendor" value="Oracle Corporation"/>
    <property name="sun.arch.data.model" value="64"/>
    <property name="user.variant" value=""/>
    <property name="java.vendor.url" value="https://java.oracle.com/"/>
    <property name="user.timezone" value="Asia/Singapore"/>
    <property name="os.name" value="Windows 11"/>
    <property name="java.vm.specification.version" value="17"/>
    <property name="sun.java.launcher" value="SUN_STANDARD"/>
    <property name="user.country" value="US"/>
    <property name="sun.boot.library.path" value="C:\Program Files\Java\jdk-17\bin"/>
    <property name="sun.java.command" value="C:\Users\Roxanne Resuello\AppData\Local\Temp\surefire13143277354937618169\surefirebooter15896945944303786776.jar C:\Users\Roxanne Resuello\AppData\Local\Temp\surefire13143277354937618169 2024-07-01T20-32-35_449-jvmRun1 surefire18046606907189991171tmp surefire_04899504753761387403tmp"/>
    <property name="jdk.debug" value="release"/>
    <property name="surefire.test.class.path" value="C:\Users\Roxanne Resuello\IdeaProjects\mini-projects\mini-project-3-final\target\test-classes;C:\Users\Roxanne Resuello\IdeaProjects\mini-projects\mini-project-3-final\target\classes;C:\Users\Roxanne Resuello\.m2\repository\junit\junit\4.13.2\junit-4.13.2.jar;C:\Users\Roxanne Resuello\.m2\repository\org\hamcrest\hamcrest-core\1.3\hamcrest-core-1.3.jar;C:\Users\Roxanne Resuello\.m2\repository\org\slf4j\slf4j-api\1.7.32\slf4j-api-1.7.32.jar;C:\Users\Roxanne Resuello\.m2\repository\ch\qos\logback\logback-classic\1.2.6\logback-classic-1.2.6.jar;C:\Users\Roxanne Resuello\.m2\repository\ch\qos\logback\logback-core\1.2.6\logback-core-1.2.6.jar;"/>
    <property name="sun.cpu.endian" value="little"/>
    <property name="user.home" value="C:\Users\Roxanne Resuello"/>
    <property name="user.language" value="en"/>
    <property name="java.specification.vendor" value="Oracle Corporation"/>
    <property name="java.version.date" value="2024-04-16"/>
    <property name="java.home" value="C:\Program Files\Java\jdk-17"/>
    <property name="file.separator" value="\"/>
    <property name="basedir" value="C:\Users\Roxanne Resuello\IdeaProjects\mini-projects\mini-project-3-final"/>
    <property name="java.vm.compressedOopsMode" value="Zero based"/>
    <property name="line.separator" value="&#10;"/>
    <property name="java.vm.specification.vendor" value="Oracle Corporation"/>
    <property name="java.specification.name" value="Java Platform API Specification"/>
    <property name="surefire.real.class.path" value="C:\Users\Roxanne Resuello\AppData\Local\Temp\surefire13143277354937618169\surefirebooter15896945944303786776.jar"/>
    <property name="user.script" value=""/>
    <property name="sun.management.compiler" value="HotSpot 64-Bit Tiered Compilers"/>
    <property name="java.runtime.version" value="17.0.11+7-LTS-207"/>
    <property name="user.name" value="Roxanne Resuello"/>
    <property name="path.separator" value=";"/>
    <property name="os.version" value="10.0"/>
    <property name="java.runtime.name" value="Java(TM) SE Runtime Environment"/>
    <property name="file.encoding" value="Cp1252"/>
    <property name="java.vm.name" value="Java HotSpot(TM) 64-Bit Server VM"/>
    <property name="localRepository" value="C:\Users\Roxanne Resuello\.m2\repository"/>
    <property name="java.vendor.url.bug" value="https://bugreport.java.com/bugreport/"/>
    <property name="java.io.tmpdir" value="C:\Users\ROXANN~1\AppData\Local\Temp\"/>
    <property name="java.version" value="17.0.11"/>
    <property name="user.dir" value="C:\Users\Roxanne Resuello\IdeaProjects\mini-projects\mini-project-3-final"/>
    <property name="os.arch" value="amd64"/>
    <property name="java.vm.specification.name" value="Java Virtual Machine Specification"/>
    <property name="sun.os.patch.level" value=""/>
    <property name="native.encoding" value="Cp1252"/>
    <property name="java.library.path" value="C:\Program Files\Java\jdk-17\bin;C:\Windows\Sun\Java\bin;C:\Windows\system32;C:\Windows;C:\Program Files\Common Files\Oracle\Java\javapath;C:\Windows\system32;C:\Windows;C:\Windows\System32\Wbem;C:\Windows\System32\WindowsPowerShell\v1.0\;C:\Windows\System32\OpenSSH\;C:\Program Files\Git\cmd;C:\Program Files\Docker\Docker\resources\bin;C:\Users\Roxanne Resuello\AppData\Local\Microsoft\WindowsApps;C:\Users\Roxanne Resuello\IntelliJ IDEA Community Edition 2024.1.3\bin;;C:\Users\Roxanne Resuello\Downloads\apache-maven-3.8.8-bin\apache-maven-3.8.8\bin;C:\Users\Roxanne Resuello\AppData\Local\Programs\Microsoft VS Code\bin;."/>
    <property name="java.vm.info" value="mixed mode, sharing"/>
    <property name="java.vendor" value="Oracle Corporation"/>
    <property name="java.vm.version" value="17.0.11+7-LTS-207"/>
    <property name="sun.io.unicode.encoding" value="UnicodeLittle"/>
    <property name="java.class.version" value="61.0"/>
  </properties>
  <testcase name="testRemoveProductFromCart" classname="com.ecommerce.EcommerceTest" time="0.079">
    <system-out><![CDATA[2024-07-01 20:32:36 DEBUG com.ecommerce.service.Ecommerce - Product added to catalog: productId:      de351f60-d7b3-4b6b-9194-fcd9bf145065name:          	 Laptopprice:         	 999.99category:      	 Electronics
2024-07-01 20:32:36 DEBUG com.ecommerce.service.Ecommerce - Product added to cart: productId:      de351f60-d7b3-4b6b-9194-fcd9bf145065name:          	 Laptopprice:         	 999.99category:      	 Electronics
2024-07-01 20:32:36 DEBUG com.ecommerce.service.Ecommerce - Product removed from cart: productId:      de351f60-d7b3-4b6b-9194-fcd9bf145065name:          	 Laptopprice:         	 999.99category:      	 Electronics
]]></system-out>
  </testcase>
  <testcase name="testShowProductsInCart" classname="com.ecommerce.EcommerceTest" time="0.003">
    <system-out><![CDATA[2024-07-01 20:32:36 DEBUG com.ecommerce.service.Ecommerce - Product added to catalog: productId:      abefde45-8b35-4d8d-9f98-f5a79613431ename:          	 Laptopprice:         	 999.99category:      	 Electronics
2024-07-01 20:32:36 DEBUG com.ecommerce.service.Ecommerce - Product added to cart: productId:      abefde45-8b35-4d8d-9f98-f5a79613431ename:          	 Laptopprice:         	 999.99category:      	 Electronics
2024-07-01 20:32:36 DEBUG com.ecommerce.service.Ecommerce - Products in cart: 
productId:      abefde45-8b35-4d8d-9f98-f5a79613431ename:          	 Laptopprice:         	 999.99category:      	 Electronics
]]></system-out>
  </testcase>
  <testcase name="testAddProductToCart" classname="com.ecommerce.EcommerceTest" time="0.001">
    <system-out><![CDATA[2024-07-01 20:32:36 DEBUG com.ecommerce.service.Ecommerce - Product added to catalog: productId:      188c47b6-daa9-4582-9dc7-1745c9b3a7cbname:          	 Laptopprice:         	 999.99category:      	 Electronics
2024-07-01 20:32:36 DEBUG com.ecommerce.service.Ecommerce - Product added to cart: productId:      188c47b6-daa9-4582-9dc7-1745c9b3a7cbname:          	 Laptopprice:         	 999.99category:      	 Electronics
]]></system-out>
  </testcase>
  <testcase name="testCalculateCartTotal" classname="com.ecommerce.EcommerceTest" time="0.002">
    <system-out><![CDATA[2024-07-01 20:32:36 DEBUG com.ecommerce.service.Ecommerce - Product added to catalog: productId:      d4bd97fe-c2d6-43c4-bb20-18b5333d278ename:          	 Laptopprice:         	 999.99category:      	 Electronics
2024-07-01 20:32:36 DEBUG com.ecommerce.service.Ecommerce - Product added to cart: productId:      d4bd97fe-c2d6-43c4-bb20-18b5333d278ename:          	 Laptopprice:         	 999.99category:      	 Electronics
2024-07-01 20:32:36 DEBUG com.ecommerce.service.Ecommerce - Product added to cart: productId:      5dfb12f3-4781-4331-b774-9f34308bd9e7name:          	 Smartphoneprice:         	 499.99category:      	 Electronics
2024-07-01 20:32:36 DEBUG com.ecommerce.service.Ecommerce - Total price for cart 6209ea8f-d69c-4645-bd09-18a809a3521d: 1499.98
]]></system-out>
  </testcase>
  <testcase name="testAddProductToCatalog" classname="com.ecommerce.EcommerceTest" time="0">
    <system-out><![CDATA[2024-07-01 20:32:36 DEBUG com.ecommerce.service.Ecommerce - Product added to catalog: productId:      af21f754-8264-45e5-ad2e-2337b17c5565name:          	 Laptopprice:         	 999.99category:      	 Electronics
]]></system-out>
  </testcase>
</testsuite>